<?xml version="1.0"?>

<component
  name="org.nuxeo.ecm.platform.ui.web.ContentViewService.testOverrideContrib">

  <extension target="org.nuxeo.ecm.platform.ui.web.ContentViewService"
    point="contentViews">

    <contentView name="CURRENT_DOCUMENT_CHILDREN">
      <title>current document children overriden</title>
      <selectionList>CURRENT_SELECTION_2</selectionList>
      <pagination>simple_2</pagination>
      <actions category="CURRENT_SELECTION_LIST_2" />
      <actions category="CURRENT_SELECTION_LIST_3" />
      <resultLayouts append="true">
        <layout name="document_listing_2" title="label.document_listing.layout_2"
          translateTitle="true" />
      </resultLayouts>
      <searchLayout name="search_layout_2" />
      <useGlobalPageSize>true</useGlobalPageSize>
      <flags>
        <flag>foo2</flag>
      </flags>
    </contentView>

    <!-- NXP-9333: check that result layouts are not emptied at merge -->
    <contentView name="CURRENT_DOCUMENT_CHILDREN_REF">
      <title>current document children overriden</title>
    </contentView>

    <contentView name="CURRENT_DOCUMENT_CHILDREN_FETCH" enabled="false" />

  </extension>

</component>
