<component name="org.nuxeo.ecm.core.search.backend.compass.test.DefaultConnection"
  version="1.0">

  <extension target="org.nuxeo.ecm.core.search.backend.compass.CompassBackend"
             point="connection">
    <default/>
  </extension>

</component>
