<component name="org.nuxeo.ecm.core.search.backend.compass.test.FsConnection"
  version="1.0">

  <extension target="org.nuxeo.ecm.core.search.backend.compass.CompassBackend"
             point="connection">
    <file path="/foo/bar"/>
  </extension>

</component>
