<?xml version="1.0"?>
<component name="org.nuxeo.ecm.platform.rendition.lazy.testContrib">

  <require>org.nuxeo.ecm.platform.rendition.contrib</require>

  <extension target="org.nuxeo.ecm.core.operation.OperationServiceComponent"
    point="operations">
    <operation class="org.nuxeo.ecm.platform.rendition.service.DummyDocToTxt" />
  </extension>

  <extension point="chains"
    target="org.nuxeo.ecm.core.operation.OperationServiceComponent">
    <chain id="Dummy">
      <operation id="Document.Pop" />
      <operation id="DummyDoc.ToTxt" />
    </chain>
  </extension>


  <extension target="org.nuxeo.ecm.platform.rendition.service.RenditionService" point="renditionDefinitions">

    <renditionDefinition name="lazyAutomation" enabled="true" class="org.nuxeo.ecm.platform.rendition.lazy.AutomationLazyRenditionProvider">
     <operationChain>Dummy</operationChain>
     <allowEmptyBlob>true</allowEmptyBlob>
    </renditionDefinition>

  </extension>

  <extension
    target="org.nuxeo.ecm.core.transientstore.TransientStorageComponent"
    point="store">
    <store name="LazyRenditionCache">
    </store>
   </extension>

</component>
