<?xml version="1.0"?>
<component name="org.nuxeo.ecm.platform.rendition.testContrib">

  <require>org.nuxeo.ecm.platform.rendition.contrib</require>

  <extension target="org.nuxeo.ecm.platform.rendition.service.RenditionService" point="renditionDefinitions">
    <renditionDefinition name="renditionDefinitionWithUndefinedOperationChain" enable="true">
      <label>label.rendition.pdf</label>
      <operationChain>undefinedOperationChain</operationChain>
    </renditionDefinition>
  </extension>

</component>
