<?xml version="1.0"?>
<component
  name="org.nuxeo.ecm.core.api.pagination.service.PaginationServiceTest">


  <extension
    target="org.nuxeo.ecm.core.api.pagination.service.PaginationService"
    point="paginationFactories">

    <paginationFactory name="unselectable_memory_pagesize_3"
      factoryClass="org.nuxeo.ecm.core.api.pagination.service.MemoryPaginationFactory"
      pageSize="3" selectable="false" sortable="false" />

    <paginationFactory name="selectable_memory_pagesize_2"
      factoryClass="org.nuxeo.ecm.core.api.pagination.service.MemoryPaginationFactory"
      pageSize="2" selectable="true" sortable="false" />

  </extension>

</component>
