<?xml version="1.0"?>
<component name="org.nuxeo.ecm.core.storage.sql.tests.core-types">

  <extension target="org.nuxeo.ecm.core.schema.TypeService" point="schema">
    <schema name="testschema" src="OSGI-INF/schemas/testschema.xsd" prefix="tst" />
  </extension>

  <extension target="org.nuxeo.ecm.core.schema.TypeService" point="doctype">
    <doctype name="Root" extends="Document" />
    <doctype name="TestDoc" extends="Document">
      <schema name="testschema" />
    </doctype>
  </extension>

</component>
