<?xml version="1.0"?>

<component name="org.nuxeo.ecm.platform.query.api.PageProviderservice.testReplacerContrib">

  <extension target="org.nuxeo.ecm.platform.query.api.PageProviderService"
    point="classReplacer">

    <replacers>

      <replacer withClass="org.nuxeo.ecm.platform.query.nxql.CoreQueryAndFetchPageProvider">
        CURRENT_DOCUMENT_CHILDREN,
        nxql_search,  foo
      </replacer>

      <replacer withClass="org.nuxeo.ecm.platform.query.nxql.CoreQueryDocumentPageProvider">
        bar
      </replacer>

    </replacers>
  </extension>

</component>
