<?xml version="1.0"?>

<component name="org.nuxeo.ecm.core.CoreExtensions">

  <extension target="org.nuxeo.ecm.core.CoreService" point="sessionFactory">
    <factory class="org.nuxeo.ecm.core.api.local.LocalSessionFactory"/>
  </extension>


  <extension target="org.nuxeo.ecm.core.schema.TypeService" point="schema">
    <schema name="common" src="schema/common.xsd"/>
    <schema name="core-types" src="schema/core-types.xsd"/>
    <schema name="file" src="schema/file.xsd"/>
    <schema name="dublincore" src="schema/dublincore.xsd"/>
    <schema name="uid" src="schema/uid.xsd"/>
  </extension>


  <extension target="org.nuxeo.ecm.core.schema.TypeService" point="doctype">
    <doctype name="File" extends="Document">
      <schema name="dublincore"/>
      <schema name="common"/>
      <schema name="file"/>
      <schema name="uid"/>
    </doctype>
    <doctype name="Folder" extends="Document">
      <schema name="common"/>
      <facet name="Folderish"/>
    </doctype>
    <doctype name="Workspace" extends="Document">
      <schema name="common"/>
      <facet name="Folderish"/>
    </doctype>
    <doctype name="Domain" extends="Document">
      <schema name="common"/>
      <facet name="Folderish"/>
    </doctype>
  </extension>

</component>
