<?xml version="1.0"?>
<component name="org.nuxeo.ecm.core.api.test.propmodel.types">

  <extension target="org.nuxeo.ecm.core.schema.TypeService" point="schema">
    <schema name="test" src="schemas/TestSchema.xsd" prefix="book" />
  </extension>

</component>
