<?xml version="1.0"?>

<component name="org.nuxeo.ecm.core.jcr.connector.test.types">

  <extension target="org.nuxeo.ecm.core.schema.TypeService" point="schema">
    <schema name="test-properties" src="schema/test-properties.xsd" prefix="tp" />
  </extension>

  <extension target="org.nuxeo.ecm.core.schema.TypeService" point="doctype">

    <doctype name="TestDocument" extends="Document">
      <schema name="test-properties" />
      <prefetch></prefetch>
    </doctype>

    <doctype name="TestDocumentWithDefaultPrefetch" extends="Document">
      <schema name="test-properties" />
    </doctype>

  </extension>

</component>