<?xml version="1.0"?>
<component name="org.nuxeo.ecm.platform.types.local.configuration.test">

  <extension target="org.nuxeo.ecm.core.schema.TypeService"
      point="doctype">
    <doctype name="Workspace" extends="Folder">
      <schema name="file"/>
      <schema name="webcontainer"/>
      <schema name="publishing"/>
      <schema name="files" />
      <facet name="SuperSpace"/>
      <facet name="UITypesLocalConfiguration"/>
      <subtypes>
        <type>Workspace</type>
        <type>Folder</type>
        <type>File</type>
        <type>Note</type>
      </subtypes>
    </doctype>
  </extension>

</component>
