<?xml version="1.0"?>
<component name="org.nuxeo.ecm.core.search.api.client.querymodel.test">

  <extension
    target="org.nuxeo.ecm.core.search.api.client.querymodel.QueryModelService"
    point="model">

    <queryModel name="testqm">
      <pattern>
        SELECT * FROM File WHERE size IN ?
      </pattern>
    </queryModel>
  </extension>

</component>
