<?xml version="1.0"?>
<component name="org.nuxeo.ecm.core.storage.test.datasource">
  <extension target="org.nuxeo.runtime.datasource" point="datasources">
    <datasource name="jdbc/NuxeoTestDS" xaDataSource="org.h2.jdbcx.JdbcDataSource"
      maxActive="20" maxIdle="1">
      <property name="URL">jdbc:h2:target/test/h2</property>
    </datasource>
  </extension>
</component>