<?xml version="1.0"?>
<component name="org.nuxeo.ecm.core.storage.sql.test.repo.repository">
  <extension target="org.nuxeo.ecm.core.storage.sql.RepositoryService"
    point="repository">
    <repository name="${nuxeo.test.vcs.repository}"
      factory="${nuxeo.test.vcs.repository-factory}"
      sendInvalidationEvents="true">
      <binaryManager class="${nuxeo.test.vcs.binary-manager}"
        key="${nuxeo.test.vcs.binary-manager-key}" />
      <schema>
        <field type="largetext">note</field>
        <field type="largetext">relatedtext</field>
      </schema>
      <indexing>
        <neverPerDocumentFacets>
          <facet>NotPerDocFacet</facet>
        </neverPerDocumentFacets>
      </indexing>
      <xa-datasource>org.apache.derby.jdbc.EmbeddedXADataSource</xa-datasource>
      <property name="createDatabase">create</property>
      <property name="databaseName">${nuxeo.test.vcs.database}</property>
      <property name="user">${nuxeo.test.vcs.user}</property>
      <property name="password">${nuxeo.test.vcs.password}</property>
    </repository>
  </extension>
</component>
