<?xml version="1.0"?>
<component name="org.nuxeo.ecm.core.storage.sql.test.repo.repository">
  <extension target="org.nuxeo.ecm.core.api.repository.RepositoryManager"
    point="repositories">
    <repository name="${nuxeo.test.vcs.repository}" />
  </extension>
  <extension target="org.nuxeo.ecm.core.repository.RepositoryService"
    point="repository">
    <repository name="${nuxeo.test.vcs.repository}"
      factory="${nuxeo.test.vcs.repository-factory}">
      <repository sendInvalidationEvents="true">
        <schema>
          <field type="largetext">note</field>
          <field type="largetext">relatedtext</field>
        </schema>
        <indexing>
          <neverPerDocumentFacets>
            <facet>NotPerDocFacet</facet>
          </neverPerDocumentFacets>
        </indexing>
        <xa-datasource>org.apache.derby.jdbc.EmbeddedXADataSource</xa-datasource>
        <property name="createDatabase">create</property>
        <property name="databaseName">${nuxeo.test.vcs.database}</property>
        <property name="user">${nuxeo.test.vcs.user}</property>
        <property name="password">${nuxeo.test.vcs.password}</property>
      </repository>
    </repository>
  </extension>
</component>
