<?xml version="1.0"?>
<component name="org.nuxeo.ecm.core.automation.test-directories">

  <extension target="org.nuxeo.ecm.core.schema.TypeService"
      point="doctype">
    <doctype name="Workspace" extends="Folder">
      <facet name="SuperSpace"/>
      <facet name="DirectoryLocalConfiguration"/>
    </doctype>
  </extension>

  <extension target="org.nuxeo.ecm.directory.sql.SQLDirectoryFactory"
    point="directories">

    <directory name="continent">
      <dbDriver>${nuxeo.test.vcs.driver}</dbDriver>
      <dbUrl>${nuxeo.test.vcs.url}</dbUrl>
      <dbUser>${nuxeo.test.vcs.user}</dbUser>
      <dbPassword>${nuxeo.test.vcs.password}</dbPassword>
      <schema>vocabulary</schema>
      <table>continent</table>
      <idField>id</idField>
      <autoincrementIdField>false</autoincrementIdField>
      <dataFile>testdirectorydata/continent.csv</dataFile>
      <createTablePolicy>on_missing_columns</createTablePolicy>
    </directory>

    <directory name="continent_local">
      <dbDriver>${nuxeo.test.vcs.driver}</dbDriver>
      <dbUrl>${nuxeo.test.vcs.url}</dbUrl>
      <dbUser>${nuxeo.test.vcs.user}</dbUser>
      <dbPassword>${nuxeo.test.vcs.password}</dbPassword>
      <schema>vocabulary</schema>
      <table>continent_local</table>
      <idField>id</idField>
      <autoincrementIdField>false</autoincrementIdField>
      <dataFile>testdirectorydata/continent_local.csv</dataFile>
      <createTablePolicy>on_missing_columns</createTablePolicy>
    </directory>

  </extension>

</component>
