<?xml version="1.0"?>
<component name="org.nuxeo.ecm.webapp.bulkedit.BulkEditService.testContrib.majorversion">

  <extension target="org.nuxeo.ecm.webapp.bulkedit.BulkEditService"
    point="versioning">

    <versioning>
      <defaultVersioningOption>MAJOR</defaultVersioningOption>
    </versioning>

  </extension>

</component>
