<?xml version="1.0"?>
<component name="org.nuxeo.ecm.core.work.config.redis.test" version="1.0">

  <extension target="org.nuxeo.ecm.core.work.service" point="implementation">
    <queuing class="org.nuxeo.ecm.core.work.redis.RedisWorkQueuing"/>
  </extension>

</component>
