<?xml version="1.0"?>
<component name="test-async-listener">

  <extension target="org.nuxeo.ecm.core.event.EventServiceComponent" point="listener">
    <listener async="true" postCommit="false" class="org.nuxeo.ecm.core.event.test.DummyPostCommitEventListener" name="testPostCommit">
      <event>testasync</event>
    </listener>
  </extension>

</component>
