<component name="org.nuxeo.ecm.directory.memory.test">
  <extension target="org.nuxeo.ecm.directory.memory" name="memdirs">
    <directory name="my">
      <schema>myschema</schema>
      <idField>i</idField>
    </directory>
  </extension>
</component>