<component name="org.nuxeo.ecm.core.automation.test-provider"
  version="1.0">

  <extension target="org.nuxeo.ecm.platform.query.api.PageProviderService"
    point="providers">

    <genericPageProvider name="CURRENT_DOCUMENT_CHILDREN_FETCH"
      class="org.nuxeo.ecm.platform.query.nxql.CoreQueryAndFetchPageProvider">
      <pattern>
        SELECT dc:title, ecm:uuid FROM Document WHERE ecm:parentId = ? AND
        ecm:isCheckedInVersion = 0 AND ecm:mixinType != 'HiddenInNavigation'
        AND
        ecm:currentLifeCycleState != 'deleted'
      </pattern>
      <sort column="dc:title" ascending="true" />
      <pageSize>2</pageSize>
    </genericPageProvider>

    <genericPageProvider name="CURRENT_DOCUMENT_CHILDREN_FETCH_NAMED_PARAMS"
                         class="org.nuxeo.ecm.platform.query.nxql.CoreQueryAndFetchPageProvider">
      <pattern>
        SELECT dc:title, ecm:uuid FROM Document WHERE ecm:parentId = :parentIdVar AND
        ecm:isCheckedInVersion = 0 AND ecm:mixinType != 'HiddenInNavigation'
        AND
        ecm:currentLifeCycleState != 'deleted'
      </pattern>
      <sort column="dc:title" ascending="true" />
      <pageSize>2</pageSize>
    </genericPageProvider>

  </extension>


</component>
