<?xml version="1.0"?>

<!-- This is a test setup for SQL directories that is similar to the
  default-sql-directories-bundles.xml setup except that the datasource is set
  to a in memory backend -->

<component name="org.nuxeo.ecm.directory.sql.test">

  <require>org.nuxeo.ecm.directory.sql.SQLDirectoryFactory</require>

  <extension target="org.nuxeo.ecm.directory.sql.SQLDirectoryFactory"
    point="directories">

    <directory name="userDirectory">

      <schema>user</schema>

      <dbDriver>org.h2.Driver</dbDriver>
      <dbUrl>jdbc:h2:mem:user;db_close_delay=10</dbUrl>
      <dbUser>sa</dbUser>
      <dbPassword></dbPassword>

      <table>USERS</table>
      <idField>username</idField>
      <passwordField>password</passwordField>
      <substringMatchType>subany</substringMatchType>
      <autoincrementIdField>false</autoincrementIdField>
      <createTablePolicy>always</createTablePolicy>
      <dataFile>users.csv</dataFile>

      <references>
        <tableReference field="groups" directory="groupDirectory"
          table="user2group" sourceColumn="userId" targetColumn="groupId" />
      </references>

    </directory>


    <directory name="groupDirectory">

      <schema>group</schema>

      <dbDriver>org.h2.Driver</dbDriver>
      <dbUrl>jdbc:h2:mem:user;db_close_delay=10</dbUrl>
      <dbUser>sa</dbUser>
      <dbPassword></dbPassword>

      <table>GROUPS</table>
      <idField>groupname</idField>
      <autoincrementIdField>false</autoincrementIdField>
      <dataFile>groups.csv</dataFile>
      <createTablePolicy>always</createTablePolicy>

      <references>
        <inverseReference field="members" directory="userDirectory"
          dualReferenceField="groups" />
        <tableReference field="subGroups" directory="groupDirectory"
          table="group2group" targetColumn="childGroupId"
          sourceColumn="parentGroupId" dataFile="userdata/test-group2group.csv" />
        <inverseReference field="parentGroups" directory="groupDirectory"
          dualReferenceField="subGroups" />
      </references>

    </directory>

  </extension>
</component>
