<component name="org.nuxeo.ecm.core.storage.sql.test.directories">
	<require>org.nuxeo.ecm.directory.sql.SQLDirectoryFactory</require>

	<extension target="org.nuxeo.ecm.directory.sql.SQLDirectoryFactory"
		point="directories">

		<directory name="users">

			<schema>user</schema>
			<table>users</table>
			<idField>username</idField>
			<passwordField>password</passwordField>
			<passwordHashAlgorithm>SSHA</passwordHashAlgorithm>
			<substringMatchType>subany</substringMatchType>
			<autoincrementIdField>false</autoincrementIdField>
			<dataFile>test-users.csv</dataFile>
			<createTablePolicy>always</createTablePolicy>

			<references>
				<tableReference field="groups" directory="groupDirectory"
					table="user2group" sourceColumn="userId" targetColumn="groupId"
					dataFile="test-user2group.csv" />
			</references>

		</directory>


		<directory name="groups">

			<schema>group</schema>
			<table>groups</table>
			<idField>groupname</idField>
			<autoincrementIdField>false</autoincrementIdField>
			<dataFile>test-groups.csv</dataFile>
			<createTablePolicy>always</createTablePolicy>

			<references>
				<inverseReference field="members" directory="userDirectory"
					dualReferenceField="groups" />
				<tableReference field="subGroups" directory="groupDirectory"
					table="group2group" sourceColumn="childGroupId" targetColumn="parentGroupId" />
				<inverseReference field="parentGroups" directory="groupDirectory"
					dualReferenceField="subGroups" />
			</references>

		</directory>
	</extension>
</component>