<?xml version="1.0"?>

<component name="org.nuxeo.ecm.platform.query.api.PageProviderservice.testContrib">

  <extension target="org.nuxeo.ecm.platform.query.api.PageProviderService"
    point="providers">

    <coreQueryPageProvider name="CURRENT_DOCUMENT_CHILDREN">
      <property name="dummy">dummy</property>
      <pattern>
        SELECT * FROM Document WHERE ecm:parentId = ? AND
        ecm:isCheckedInVersion
        = 0 AND ecm:mixinType != 'HiddenInNavigation' AND
        ecm:currentLifeCycleState != 'deleted'
      </pattern>
      <sort column="dc:title" ascending="true" />
      <pageSize>2</pageSize>
    </coreQueryPageProvider>

    <coreQueryPageProvider name="CURRENT_DOCUMENT_CHILDREN_WITH_SEARCH_DOCUMENT">
      <whereClause docType="File">
        <fixedPart>
          ecm:parentId = ? AND ecm:isCheckedInVersion = 0 AND
          ecm:mixinType !=
          'HiddenInNavigation' AND ecm:currentLifeCycleState !=
          'deleted'
        </fixedPart>
        <predicate parameter="dc:title" operator="FULLTEXT">
          <field schema="dublincore" name="title" />
        </predicate>
      </whereClause>
      <sort column="dc:title" ascending="true" />
      <pageSize>2</pageSize>
    </coreQueryPageProvider>

    <genericPageProvider name="CURRENT_DOCUMENT_CHILDREN_FETCH"
      class="org.nuxeo.ecm.platform.query.nxql.CoreQueryAndFetchPageProvider">
      <pattern>
        SELECT dc:title FROM Document WHERE ecm:parentId = ? AND
        ecm:isCheckedInVersion = 0 AND ecm:mixinType != 'HiddenInNavigation' AND
        ecm:currentLifeCycleState != 'deleted'
      </pattern>
      <sort column="dc:title" ascending="true" />
      <pageSize>2</pageSize>
    </genericPageProvider>

    <coreQueryPageProvider name="ADVANCED_SEARCH">
      <property name="coreSession">#{documentManager}</property>
      <whereClause docType="AdvancedSearch">
        <predicate parameter="ecm:fulltext" operator="FULLTEXT">
          <field schema="advanced_search" name="fulltext_all" />
        </predicate>
        <predicate parameter="dc:title" operator="LIKE">
          <field schema="advanced_search" name="title" />
        </predicate>
        <predicate parameter="dc:modified" operator="IS NULL">
          <field schema="advanced_search" name="isPresent" />
        </predicate>
        <fixedPart>
          ecm:parentId = ?
        </fixedPart>
      </whereClause>
      <parameter>#{currentDocument.id}</parameter>
      <sort column="dc:title" ascending="true" />
      <pageSize>20</pageSize>
    </coreQueryPageProvider>

    <coreQueryPageProvider name="TEST_IN">
      <whereClause docType="AdvancedSearch">
        <predicate parameter="dc:title" operator="IN">
          <field schema="dublincore" name="subjects" />
        </predicate>
      </whereClause>
    </coreQueryPageProvider>

    <coreQueryPageProvider name="TEST_IN_INTEGERS">
      <whereClause docType="AdvancedSearch">
        <predicate parameter="size" operator="IN">
          <field schema="advanced_search" name="integerlist" />
        </predicate>
      </whereClause>
    </coreQueryPageProvider>

  </extension>

</component>
