<?xml version="1.0"?>
<component name="org.nuxeo.ecm.core.storage.sql.tests.repo.core-types">

  <extension target="org.nuxeo.ecm.core.schema.TypeService" point="schema">
    <schema name="mylib" src="schemas/mylib.xsd" />
    <schema name="myschema" src="schemas/myschema.xsd"  prefix="my" />
    <schema name="book" src="schemas/book.xsd" prefix="book"/>
    <schema name="testList" src="schemas/mytestlist.xsd"  prefix="" />
  </extension>

  <extension target="org.nuxeo.ecm.core.schema.TypeService" point="doctype">
    <doctype name="FolderWithSearch" extends="Folder">
      <facet name="Folderish" />
      <facet name="BrowseViaSearch" />
    </doctype>
    <doctype name="MyDocType" extends="Document">
      <schema name="common" />
      <schema name="myschema" />
      <schema name="testList" />
      <prefetch>common.icon</prefetch>
    </doctype>
    <doctype name="Book" extends="Folder">
      <schema name="common"/>
      <schema name="book" />
    </doctype>
    <doctype name="HiddenFile" extends="Document">
      <schema name="common" />
      <schema name="file" />
      <schema name="dublincore"/>
      <facet name="Downloadable" />
      <facet name="Versionable" />
      <facet name="HiddenInNavigation" />
    </doctype>
  </extension>

</component>
