<?xml version="1.0"?>
<component name="org.nuxeo.ecm.core.storage.sql.test.repo.repository">
  <extension target="org.nuxeo.ecm.core.api.repository.RepositoryManager"
    point="repositories">
    <repository name="test" />
  </extension>
  <extension target="org.nuxeo.ecm.core.repository.RepositoryService"
    point="repository">
    <repository name="test"
      factory="org.nuxeo.ecm.core.storage.sql.coremodel.SQLRepositoryFactory">
      <repository>
        <xa-datasource>com.mysql.jdbc.jdbc2.optional.MysqlXADataSource</xa-datasource>
        <property name="ServerName">localhost</property>
        <property name="DatabaseName">nuxeojunittests</property>
        <property name="User">nuxeo</property>
        <property name="Password">nuxeo</property>
      </repository>
    </repository>
  </extension>
  <extension target="org.nuxeo.ecm.core.lifecycle.LifeCycleService"
    point="lifecyclemanager">
    <lifecyclemanager
      class="org.nuxeo.ecm.core.storage.sql.coremodel.SQLLifeCycleManager" />
  </extension>
</component>
